app/build/outputs/logs/manifest-merger-debug-report.txt
-- Merging decision tree log ---
manifest
ADDED from src\main\AndroidManifest.xml:2:1-43:12
	package
		ADDED from src\main\AndroidManifest.xml:3:7-39
		INJECTED from src\main\AndroidManifest.xml
		INJECTED from src\main\AndroidManifest.xml
	android:versionName
		ADDED from src\main\AndroidManifest.xml:4:7-32
		INJECTED from src\main\AndroidManifest.xml
		INJECTED from src\main\AndroidManifest.xml
	android:versionCode
		ADDED from src\main\AndroidManifest.xml:4:33-56
		INJECTED from src\main\AndroidManifest.xml
		INJECTED from src\main\AndroidManifest.xml
	xmlns:android
		ADDED from src\main\AndroidManifest.xml:2:11-69
supports-screens
ADDED from src\main\AndroidManifest.xml:6:7-9:46
	android:largeScreens
		ADDED from src\main\AndroidManifest.xml:8:19-46
	android:smallScreens
		ADDED from src\main\AndroidManifest.xml:6:25-52
	android:normalScreens
		ADDED from src\main\AndroidManifest.xml:7:19-47
	android:anyDensity
		ADDED from src\main\AndroidManifest.xml:9:19-44
application
ADDED from src\main\AndroidManifest.xml:10:5-31:19
	android:label
		ADDED from src\main\AndroidManifest.xml:10:48-80
	android:icon
		ADDED from src\main\AndroidManifest.xml:10:18-47
activity#com.naver.cafe.android.FortuneTellMain
ADDED from src\main\AndroidManifest.xml:11:5-16:20
	android:screenOrientation
		ADDED from src\main\AndroidManifest.xml:11:95-131
	android:theme
		ADDED from src\main\AndroidManifest.xml:11:47-94
	android:name
		ADDED from src\main\AndroidManifest.xml:11:15-46
intent-filter#android.intent.action.MAIN+android.intent.category.LAUNCHER
ADDED from src\main\AndroidManifest.xml:12:13-15:29
action#android.intent.action.MAIN
ADDED from src\main\AndroidManifest.xml:13:17-69
	android:name
		ADDED from src\main\AndroidManifest.xml:13:25-66
category#android.intent.category.LAUNCHER
ADDED from src\main\AndroidManifest.xml:14:17-77
	android:name
		ADDED from src\main\AndroidManifest.xml:14:27-74
activity#com.naver.cafe.android.SimpleFortuneTellResult
ADDED from src\main\AndroidManifest.xml:17:9-145
	android:screenOrientation
		ADDED from src\main\AndroidManifest.xml:17:107-143
	android:theme
		ADDED from src\main\AndroidManifest.xml:17:59-106
	android:name
		ADDED from src\main\AndroidManifest.xml:17:19-58
activity#com.naver.cafe.android.SimpleFortuneTell
ADDED from src\main\AndroidManifest.xml:18:9-139
	android:screenOrientation
		ADDED from src\main\AndroidManifest.xml:18:101-137
	android:theme
		ADDED from src\main\AndroidManifest.xml:18:53-100
	android:name
		ADDED from src\main\AndroidManifest.xml:18:19-52
activity#com.naver.cafe.android.IChingHistList
ADDED from src\main\AndroidManifest.xml:19:9-162
	android:screenOrientation
		ADDED from src\main\AndroidManifest.xml:19:124-160
	android:label
		ADDED from src\main\AndroidManifest.xml:19:50-75
	android:theme
		ADDED from src\main\AndroidManifest.xml:19:76-123
	android:name
		ADDED from src\main\AndroidManifest.xml:19:19-49
activity#com.naver.cafe.android.IChingHistEdit
ADDED from src\main\AndroidManifest.xml:20:9-162
	android:screenOrientation
		ADDED from src\main\AndroidManifest.xml:20:124-160
	android:label
		ADDED from src\main\AndroidManifest.xml:20:50-75
	android:theme
		ADDED from src\main\AndroidManifest.xml:20:76-123
	android:name
		ADDED from src\main\AndroidManifest.xml:20:19-49
activity#com.naver.cafe.android.IChingHistView
ADDED from src\main\AndroidManifest.xml:21:9-125
	android:label
		ADDED from src\main\AndroidManifest.xml:21:50-75
	android:theme
		ADDED from src\main\AndroidManifest.xml:21:76-123
	android:name
		ADDED from src\main\AndroidManifest.xml:21:19-49
activity#com.naver.cafe.android.dayfortune.DayFortuneMain
ADDED from src\main\AndroidManifest.xml:22:9-196
	android:screenOrientation
		ADDED from src\main\AndroidManifest.xml:22:158-194
	android:label
		ADDED from src\main\AndroidManifest.xml:22:83-109
	android:theme
		ADDED from src\main\AndroidManifest.xml:22:110-157
	android:name
		ADDED from src\main\AndroidManifest.xml:22:19-82
activity#com.naver.cafe.android.dayfortune.DayFortuneResult
ADDED from src\main\AndroidManifest.xml:23:9-204
	android:screenOrientation
		ADDED from src\main\AndroidManifest.xml:23:166-202
	android:label
		ADDED from src\main\AndroidManifest.xml:23:85-117
	android:theme
		ADDED from src\main\AndroidManifest.xml:23:118-165
	android:name
		ADDED from src\main\AndroidManifest.xml:23:19-84
activity#com.naver.cafe.android.help.HelpMain
ADDED from src\main\AndroidManifest.xml:24:9-182
	android:screenOrientation
		ADDED from src\main\AndroidManifest.xml:24:144-180
	android:label
		ADDED from src\main\AndroidManifest.xml:24:71-95
	android:theme
		ADDED from src\main\AndroidManifest.xml:24:96-143
	android:name
		ADDED from src\main\AndroidManifest.xml:24:19-70
activity#com.naver.cafe.android.chemistry.ChemistryMain
ADDED from src\main\AndroidManifest.xml:25:9-197
	android:screenOrientation
		ADDED from src\main\AndroidManifest.xml:25:159-195
	android:label
		ADDED from src\main\AndroidManifest.xml:25:81-110
	android:theme
		ADDED from src\main\AndroidManifest.xml:25:111-158
	android:name
		ADDED from src\main\AndroidManifest.xml:25:19-80
activity#com.naver.cafe.android.chemistry.ChemistryChoice
ADDED from src\main\AndroidManifest.xml:26:9-201
	android:screenOrientation
		ADDED from src\main\AndroidManifest.xml:26:163-199
	android:label
		ADDED from src\main\AndroidManifest.xml:26:83-114
	android:theme
		ADDED from src\main\AndroidManifest.xml:26:115-162
	android:name
		ADDED from src\main\AndroidManifest.xml:26:19-82
activity#com.naver.cafe.android.chemistry.ChemistrySub
ADDED from src\main\AndroidManifest.xml:27:9-195
	android:screenOrientation
		ADDED from src\main\AndroidManifest.xml:27:157-193
	android:label
		ADDED from src\main\AndroidManifest.xml:27:80-108
	android:theme
		ADDED from src\main\AndroidManifest.xml:27:109-156
	android:name
		ADDED from src\main\AndroidManifest.xml:27:19-79
activity#com.naver.cafe.android.chemistry.ChemistryResult
ADDED from src\main\AndroidManifest.xml:28:9-201
	android:screenOrientation
		ADDED from src\main\AndroidManifest.xml:28:163-199
	android:label
		ADDED from src\main\AndroidManifest.xml:28:83-114
	android:theme
		ADDED from src\main\AndroidManifest.xml:28:115-162
	android:name
		ADDED from src\main\AndroidManifest.xml:28:19-82
uses-permission#android.permission.INTERNET
ADDED from src\main\AndroidManifest.xml:32:5-33:54
	android:name
		ADDED from src\main\AndroidManifest.xml:33:9-51
uses-permission#android.permission.ACCESS_NETWORK_STATE
ADDED from src\main\AndroidManifest.xml:34:5-35:66
	android:name
		ADDED from src\main\AndroidManifest.xml:35:9-63
uses-permission#android.permission.ACCESS_FINE_LOCATION
ADDED from src\main\AndroidManifest.xml:36:2-76
	android:name
		ADDED from src\main\AndroidManifest.xml:36:19-73
uses-permission#android.permission.ACCESS_COARSE_LOCATION
ADDED from src\main\AndroidManifest.xml:37:3-38:62
	android:name
		ADDED from src\main\AndroidManifest.xml:38:3-59
uses-sdk
ADDED from src\main\AndroidManifest.xml:39:5-44
	android:targetSdkVersion
		INJECTED from src\main\AndroidManifest.xml
		INJECTED from src\main\AndroidManifest.xml
	android:minSdkVersion
		ADDED from src\main\AndroidManifest.xml:39:15-41
		INJECTED from src\main\AndroidManifest.xml
		INJECTED from src\main\AndroidManifest.xml
uses-permission#android.permission.READ_PHONE_STATE
ADDED from src\main\AndroidManifest.xml:40:2-72
	android:name
		ADDED from src\main\AndroidManifest.xml:40:19-69
uses-permission#android.permission.VIBRATE
ADDED from src\main\AndroidManifest.xml:42:6-83
	android:name
		ADDED from src\main\AndroidManifest.xml:42:23-64